<?xml version="1.0" encoding="UTF-8"?>
<!-- Generated by org.testng.reporters.JUnitReportReporter -->
<testsuite hostname="DESKTOP-S1MQ5B3" failures="0" tests="1" name="com.FW.testcases.BankManagerLogin" time="0.153" errors="0" timestamp="10 Dec 2024 17:30:33 GMT" skipped="0">
  <testcase classname="com.FW.testcases.BankManagerLogin" name="loginAsBankManager" time="0.153"/>
</testsuite> <!-- com.FW.testcases.BankManagerLogin -->
