<?xml version="1.0" encoding="UTF-8"?>
<!-- Generated by org.testng.reporters.JUnitReportReporter -->
<testsuite hostname="DESKTOP-S1MQ5B3" failures="0" tests="1" name="com.FW.testcases.AddNewCustomer" time="0.000" errors="0" timestamp="12 Dec 2024 17:02:47 GMT" skipped="1">
  <testcase classname="com.FW.testcases.AddNewCustomer" name="addCustomer" time="0.000">
    <skipped/>
  </testcase> <!-- addCustomer -->
</testsuite> <!-- com.FW.testcases.AddNewCustomer -->
