<?xml version="1.0" encoding="UTF-8"?>
<!-- Generated by org.testng.reporters.JUnitReportReporter -->
<testsuite hostname="DESKTOP-S1MQ5B3" failures="0" tests="1" name="com.FW.testcases.BankManagerLogin" time="0.147" errors="0" timestamp="13 Dec 2024 07:46:19 GMT" skipped="0">
  <testcase classname="com.FW.testcases.BankManagerLogin" name="loginAsBankManager" time="0.147"/>
</testsuite> <!-- com.FW.testcases.BankManagerLogin -->
