<?xml version="1.0" encoding="UTF-8"?>
<!-- Generated by org.testng.reporters.JUnitReportReporter -->
<testsuite hostname="DESKTOP-S1MQ5B3" failures="0" tests="4" name="com.FW.testcases.AddNewCustomer" time="37.681" errors="0" timestamp="13 Dec 2024 07:46:19 GMT" skipped="0">
  <testcase classname="com.FW.testcases.AddNewCustomer" name="addCustomer" time="9.384"/>
  <testcase classname="com.FW.testcases.AddNewCustomer" name="addCustomer" time="9.466"/>
  <testcase classname="com.FW.testcases.AddNewCustomer" name="addCustomer" time="9.535"/>
  <testcase classname="com.FW.testcases.AddNewCustomer" name="addCustomer" time="9.296"/>
</testsuite> <!-- com.FW.testcases.AddNewCustomer -->
