<?xml version="1.0" encoding="UTF-8"?>
<!-- Generated by org.testng.reporters.JUnitReportReporter -->
<testsuite hostname="DESKTOP-S1MQ5B3" failures="0" tests="3" name="com.FW.testcases.OpenAccount" time="15.965" errors="0" timestamp="13 Dec 2024 07:46:19 GMT" skipped="0">
  <testcase classname="com.FW.testcases.OpenAccount" name="openAccountforNewCustomer" time="5.358"/>
  <testcase classname="com.FW.testcases.OpenAccount" name="openAccountforNewCustomer" time="5.281"/>
  <testcase classname="com.FW.testcases.OpenAccount" name="openAccountforNewCustomer" time="5.326"/>
</testsuite> <!-- com.FW.testcases.OpenAccount -->
